  icode   ic inum1 inum2 inum3   subed  recmonps reccnstps  flow(m^3)   sed(t)      orgn(kg)    orgp(kg)    nitrate(kg) sol.p(kg)   sol.pst(mg) sor.pst(mg)
       1        1        1        0        0        0                         0.8415E+09  0.2676E+06  0.5467E+06  0.9731E+05  0.3102E+07  0.1670E+05  0.0000E+00  0.0000E+00
       1        2        2        0        0        0                         0.2415E+09  0.1744E+06  0.3207E+06  0.5734E+05  0.7977E+06  0.4624E+04  0.0000E+00  0.0000E+00
       1        3        3        0        0        0                         0.6930E+09  0.4282E+06  0.7956E+06  0.1427E+06  0.2055E+07  0.1449E+05  0.0000E+00  0.0000E+00
       1        4        4        0        0        0                         0.5480E+09  0.2302E+06  0.4541E+06  0.8091E+05  0.1896E+07  0.1109E+05  0.0000E+00  0.0000E+00
       1        5        5        0        0        0                         0.2025E+10  0.6637E+06  0.1428E+07  0.2512E+06  0.5254E+07  0.4698E+05  0.0000E+00  0.0000E+00
       1        6        6        0        0        0                         0.7554E+09  0.3747E+07  0.3692E+07  0.6339E+06  0.3503E+07  0.1614E+05  0.0000E+00  0.0000E+00
       1        7        7        0        0        0                         0.1650E+10  0.2701E+06  0.6227E+06  0.1098E+06  0.4349E+07  0.3956E+05  0.0000E+00  0.0000E+00
       1        8        8        0        0        0                         0.4584E+10  0.1592E+08  0.1661E+08  0.2980E+07  0.1368E+08  0.8629E+05  0.0000E+00  0.0000E+00
       1        9        9        0        0        0                         0.2325E+10  0.6973E+07  0.6643E+07  0.1240E+07  0.5219E+07  0.5197E+05  0.0000E+00  0.0000E+00
       1       10       10        0        0        0                         0.1442E+10  0.5144E+07  0.5036E+07  0.9054E+06  0.3490E+07  0.3270E+05  0.0000E+00  0.0000E+00
       1       11       11        0        0        0                         0.5780E+10  0.4664E+07  0.6412E+07  0.1150E+07  0.9106E+07  0.1298E+06  0.0000E+00  0.0000E+00
       1       12       12        0        0        0                         0.2305E+10  0.2774E+07  0.4355E+07  0.7528E+06  0.1454E+07  0.6060E+05  0.0000E+00  0.0000E+00
       1       13       13        0        0        0                         0.5452E+10  0.2841E+07  0.4235E+07  0.7570E+06  0.1214E+08  0.1006E+06  0.0000E+00  0.0000E+00
       1       14       14        0        0        0                         0.8113E+10  0.4714E+07  0.7632E+07  0.1338E+07  0.1466E+08  0.1783E+06  0.0000E+00  0.0000E+00
       1       15       15        0        0        0                         0.1237E+10  0.5086E+06  0.7696E+06  0.1379E+06  0.2590E+07  0.2384E+05  0.0000E+00  0.0000E+00
       1       16       16        0        0        0                         0.2262E+10  0.1224E+07  0.1618E+07  0.3041E+06  0.2534E+07  0.5857E+05  0.0000E+00  0.0000E+00
       1       17       17        0        0        0                         0.4158E+10  0.1195E+07  0.1987E+07  0.3548E+06  0.8502E+07  0.8982E+05  0.0000E+00  0.0000E+00
       1       18       18        0        0        0                         0.2367E+10  0.1006E+07  0.1396E+07  0.2636E+06  0.2476E+07  0.5714E+05  0.0000E+00  0.0000E+00
       1       19       19        0        0        0                         0.3844E+10  0.2189E+07  0.3266E+07  0.5865E+06  0.8039E+07  0.7257E+05  0.0000E+00  0.0000E+00
       1       20       20        0        0        0                         0.3411E+10  0.1975E+07  0.2808E+07  0.5112E+06  0.8009E+07  0.5976E+05  0.0000E+00  0.0000E+00
       2       21        1        1        0        0                         0.8366E+09  0.2674E+06  0.5452E+06  0.9690E+05  0.3094E+07  0.1698E+05  0.0000E+00  0.0000E+00
       5       22        4       21        0        0                         0.1385E+10  0.4976E+06  0.9993E+06  0.1778E+06  0.4989E+07  0.2807E+05  0.0000E+00  0.0000E+00
       2       23        4       22        0        0                         0.1331E+10  0.4485E+06  0.9647E+06  0.1688E+06  0.4843E+07  0.3354E+05  0.0000E+00  0.0000E+00
       5       24        3       23        0        0                         0.2024E+10  0.8767E+06  0.1760E+07  0.3115E+06  0.6899E+07  0.4803E+05  0.0000E+00  0.0000E+00
       2       25        5        5        0        0                         0.1884E+10  0.6285E+06  0.1304E+07  0.2197E+06  0.4873E+07  0.6429E+05  0.0000E+00  0.0000E+00
       5       26       24       25        0        0                         0.3908E+10  0.1505E+07  0.3065E+07  0.5312E+06  0.1177E+08  0.1123E+06  0.0000E+00  0.0000E+00
       2       27        6        6        0        0                         0.6934E+09  0.3645E+07  0.3428E+07  0.5698E+06  0.3189E+07  0.3732E+05  0.0000E+00  0.0000E+00
       5       28       26       27        0        0                         0.4601E+10  0.5151E+07  0.6493E+07  0.1101E+07  0.1496E+08  0.1496E+06  0.0000E+00  0.0000E+00
       2       29        9        9        0        0                         0.2125E+10  0.6670E+07  0.6128E+07  0.1103E+07  0.4724E+07  0.9170E+05  0.0000E+00  0.0000E+00
       5       30        7       29        0        0                         0.3775E+10  0.6940E+07  0.6751E+07  0.1213E+07  0.9072E+07  0.1313E+06  0.0000E+00  0.0000E+00
       2       31       11       11        0        0                         0.5683E+10  0.4638E+07  0.6223E+07  0.1099E+07  0.8896E+07  0.1527E+06  0.0000E+00  0.0000E+00
       5       32       10       31        0        0                         0.7125E+10  0.9782E+07  0.1126E+08  0.2004E+07  0.1239E+08  0.1853E+06  0.0000E+00  0.0000E+00
       2       33       12       12        0        0                         0.2279E+10  0.2769E+07  0.4252E+07  0.7261E+06  0.1444E+07  0.7260E+05  0.0000E+00  0.0000E+00
       5       34       32       33        0        0                         0.9404E+10  0.1255E+08  0.1551E+08  0.2730E+07  0.1383E+08  0.2580E+06  0.0000E+00  0.0000E+00
       2       35       14       14        0        0                         0.7784E+10  0.3684E+07  0.6548E+07  0.1062E+07  0.1394E+08  0.3234E+06  0.0000E+00  0.0000E+00
       5       36       13       35        0        0                         0.1324E+11  0.6524E+07  0.1078E+08  0.1819E+07  0.2607E+08  0.4240E+06  0.0000E+00  0.0000E+00
       2       37       16       16        0        0                         0.2234E+10  0.1222E+07  0.1597E+07  0.2978E+06  0.2491E+07  0.6252E+05  0.0000E+00  0.0000E+00
       5       38       15       37        0        0                         0.3471E+10  0.1731E+07  0.2367E+07  0.4357E+06  0.5081E+07  0.8636E+05  0.0000E+00  0.0000E+00
       2       39       17       17        0        0                         0.4104E+10  0.1185E+07  0.1925E+07  0.3385E+06  0.8406E+07  0.9786E+05  0.0000E+00  0.0000E+00
       5       40       38       39        0        0                         0.7576E+10  0.2916E+07  0.4292E+07  0.7742E+06  0.1349E+08  0.1842E+06  0.0000E+00  0.0000E+00
       2       41       15       40        0        0                         0.7488E+10  0.2332E+07  0.4130E+07  0.7295E+06  0.1327E+08  0.2170E+06  0.0000E+00  0.0000E+00
       5       42       36       41        0        0                         0.2072E+11  0.8856E+07  0.1491E+08  0.2549E+07  0.3934E+08  0.6410E+06  0.0000E+00  0.0000E+00
       2       43       19       19        0        0                         0.3782E+10  0.2182E+07  0.3192E+07  0.5666E+06  0.7912E+07  0.8347E+05  0.0000E+00  0.0000E+00
       5       44       18       43        0        0                         0.6149E+10  0.3187E+07  0.4588E+07  0.8302E+06  0.1039E+08  0.1406E+06  0.0000E+00  0.0000E+00
       2       45       20       20        0        0                         0.3339E+10  0.1950E+07  0.2698E+07  0.4817E+06  0.7856E+07  0.7410E+05  0.0000E+00  0.0000E+00
       5       46       44       45        0        0                         0.9489E+10  0.5137E+07  0.7286E+07  0.1312E+07  0.1824E+08  0.2147E+06  0.0000E+00  0.0000E+00
       2       47       18       46        0        0                         0.9238E+10  0.3134E+07  0.6716E+07  0.1161E+07  0.1758E+08  0.2991E+06  0.0000E+00  0.0000E+00
       5       48       42       47        0        0                         0.2996E+11  0.1199E+08  0.2163E+08  0.3710E+07  0.5692E+08  0.9401E+06  0.0000E+00  0.0000E+00
       2       49       13       48        0        0                         0.2967E+11  0.9469E+07  0.2043E+08  0.3409E+07  0.5612E+08  0.1186E+07  0.0000E+00  0.0000E+00
       5       50       34       49        0        0                         0.3907E+11  0.2202E+08  0.3594E+08  0.6139E+07  0.6995E+08  0.1444E+07  0.0000E+00  0.0000E+00
       2       51       10       50        0        0                         0.3857E+11  0.1532E+08  0.3331E+08  0.5487E+07  0.6846E+08  0.1933E+07  0.0000E+00  0.0000E+00
       5       52        8       51        0        0                         0.4316E+11  0.3124E+08  0.4992E+08  0.8467E+07  0.8214E+08  0.2019E+07  0.0000E+00  0.0000E+00
       2       53        8       52        0        0                         0.4254E+11  0.2321E+08  0.4654E+08  0.7639E+07  0.8019E+08  0.2651E+07  0.0000E+00  0.0000E+00
       5       54       30       53        0        0                         0.4631E+11  0.3015E+08  0.5329E+08  0.8852E+07  0.8926E+08  0.2782E+07  0.0000E+00  0.0000E+00
       2       55        7       54        0        0                         0.4601E+11  0.2543E+08  0.5119E+08  0.8352E+07  0.8822E+08  0.3182E+07  0.0000E+00  0.0000E+00
       5       56       28       55        0        0                         0.5061E+11  0.3058E+08  0.5768E+08  0.9454E+07  0.1032E+09  0.3332E+07  0.0000E+00  0.0000E+00
       2       57        3       56        0        0                         0.5030E+11  0.2691E+08  0.5576E+08  0.9006E+07  0.1020E+09  0.3685E+07  0.0000E+00  0.0000E+00
       5       58        2       57        0        0                         0.5054E+11  0.2708E+08  0.5608E+08  0.9063E+07  0.1028E+09  0.3690E+07  0.0000E+00  0.0000E+00
       2       59        2       58        0        0                         0.5028E+11  0.2519E+08  0.5475E+08  0.8760E+07  0.1018E+09  0.3923E+07  0.0000E+00  0.0000E+00
      14       59        1        0        0        0                         0.5028E+11  0.2519E+08  0.5475E+08  0.8760E+07  0.1018E+09  0.3923E+07  0.0000E+00  0.0000E+00
